<?xml version="1.0" encoding="UTF-8"?>
<testsuite name="eliminar usuario de dummy restapiexample" tests="1" skipped="0" failures="0" errors="0" timestamp="2023-05-11T00:12:51" hostname="SQADSANABRIA1" time="9.797">
  <properties/>
  <testcase name="Eliminar usuario api exitoso" classname="eliminar usuario de dummy restapiexample" time="9.797"/>
  <system-out><![CDATA[]]></system-out>
  <system-err><![CDATA[[Test worker] INFO net.thucydides.core.steps.ConsoleLoggingListener - 
        __    _____ _____ ____ _____   ____   _    ____  ____  _____ ____  
  _     \ \  |_   _| ____/ ___|_   _| |  _ \ / \  / ___|/ ___|| ____|  _ \ 
 (_)_____| |   | | |  _| \___ \ | |   | |_) / _ \ \___ \\___ \|  _| | | | |
  _|_____| |   | | | |___ ___) || |   |  __/ ___ \ ___) |___) | |___| |_| |
 (_)     | |   |_| |_____|____/ |_|   |_| /_/   \_\____/|____/|_____|____/ 
        /_/                                                                

TEST PASSED: Eliminar usuario api exitoso
----------------------------------------------------------------------------
]]></system-err>
</testsuite>
